{"D:\\FYP\\Fyp1\\Fyp1\\Backend\\models\\order.js": {"path":"D:\\FYP\\Fyp1\\Fyp1\\Backend\\models\\order.js","statementMap":{"0":{"start":{"line":1,"column":17},"end":{"line":1,"column":36}},"1":{"start":{"line":3,"column":20},"end":{"line":82,"column":1}},"2":{"start":{"line":84,"column":0},"end":{"line":84,"column":54}}},"fnMap":{},"branchMap":{},"s":{"0":1,"1":1,"2":1},"f":{},"b":{},"_coverageSchema":"1a1c01bbd47fc00a2c39e90264f33305004495a9","hash":"0fa7d2575dd739994abc7ca2d9736ac15afef38d"}
,"D:\\FYP\\Fyp1\\Fyp1\\Backend\\models\\product.js": {"path":"D:\\FYP\\Fyp1\\Fyp1\\Backend\\models\\product.js","statementMap":{"0":{"start":{"line":1,"column":17},"end":{"line":1,"column":36}},"1":{"start":{"line":2,"column":19},"end":{"line":2,"column":27}},"2":{"start":{"line":4,"column":22},"end":{"line":87,"column":2}},"3":{"start":{"line":90,"column":0},"end":{"line":93,"column":3}},"4":{"start":{"line":91,"column":4},"end":{"line":91,"column":32}},"5":{"start":{"line":92,"column":4},"end":{"line":92,"column":11}},"6":{"start":{"line":95,"column":0},"end":{"line":95,"column":58}}},"fnMap":{"0":{"name":"(anonymous_0)","decl":{"start":{"line":90,"column":26},"end":{"line":90,"column":27}},"loc":{"start":{"line":90,"column":41},"end":{"line":93,"column":1}},"line":90}},"branchMap":{},"s":{"0":2,"1":2,"2":2,"3":2,"4":0,"5":0,"6":2},"f":{"0":0},"b":{},"_coverageSchema":"1a1c01bbd47fc00a2c39e90264f33305004495a9","hash":"4dd105fd54082c3baf4bbc8b564ff8071d4f1c05"}
,"D:\\FYP\\Fyp1\\Fyp1\\Backend\\models\\seller.js": {"path":"D:\\FYP\\Fyp1\\Fyp1\\Backend\\models\\seller.js","statementMap":{"0":{"start":{"line":1,"column":17},"end":{"line":1,"column":36}},"1":{"start":{"line":2,"column":19},"end":{"line":2,"column":27}},"2":{"start":{"line":4,"column":21},"end":{"line":102,"column":2}},"3":{"start":{"line":105,"column":0},"end":{"line":108,"column":3}},"4":{"start":{"line":106,"column":4},"end":{"line":106,"column":32}},"5":{"start":{"line":107,"column":4},"end":{"line":107,"column":11}},"6":{"start":{"line":110,"column":0},"end":{"line":110,"column":56}}},"fnMap":{"0":{"name":"(anonymous_0)","decl":{"start":{"line":105,"column":25},"end":{"line":105,"column":26}},"loc":{"start":{"line":105,"column":40},"end":{"line":108,"column":1}},"line":105}},"branchMap":{},"s":{"0":3,"1":3,"2":3,"3":3,"4":0,"5":0,"6":3},"f":{"0":0},"b":{},"_coverageSchema":"1a1c01bbd47fc00a2c39e90264f33305004495a9","hash":"97e2103e7c9f08e3d06035d2e4f48cac04cdc7db"}
,"D:\\FYP\\Fyp1\\Fyp1\\Backend\\models\\user.js": {"path":"D:\\FYP\\Fyp1\\Fyp1\\Backend\\models\\user.js","statementMap":{"0":{"start":{"line":1,"column":17},"end":{"line":1,"column":36}},"1":{"start":{"line":2,"column":19},"end":{"line":2,"column":27}},"2":{"start":{"line":4,"column":19},"end":{"line":35,"column":2}},"3":{"start":{"line":37,"column":0},"end":{"line":37,"column":52}}},"fnMap":{},"branchMap":{},"s":{"0":1,"1":1,"2":1,"3":1},"f":{},"b":{},"_coverageSchema":"1a1c01bbd47fc00a2c39e90264f33305004495a9","hash":"0b5f7c32b1487ac9ac0d2b1b9118c712d0acbb01"}
,"D:\\FYP\\Fyp1\\Fyp1\\Backend\\routes\\auth.js": {"path":"D:\\FYP\\Fyp1\\Fyp1\\Backend\\routes\\auth.js","statementMap":{"0":{"start":{"line":1,"column":15},"end":{"line":1,"column":42}},"1":{"start":{"line":2,"column":17},"end":{"line":2,"column":36}},"2":{"start":{"line":3,"column":13},"end":{"line":3,"column":38}},"3":{"start":{"line":4,"column":15},"end":{"line":4,"column":34}},"4":{"start":{"line":7,"column":0},"end":{"line":10,"column":4}},"5":{"start":{"line":12,"column":0},"end":{"line":18,"column":2}},"6":{"start":{"line":21,"column":0},"end":{"line":40,"column":3}},"7":{"start":{"line":22,"column":4},"end":{"line":39,"column":5}},"8":{"start":{"line":24,"column":8},"end":{"line":33,"column":11}},"9":{"start":{"line":35,"column":8},"end":{"line":38,"column":11}},"10":{"start":{"line":43,"column":0},"end":{"line":60,"column":3}},"11":{"start":{"line":44,"column":4},"end":{"line":59,"column":7}},"12":{"start":{"line":45,"column":8},"end":{"line":47,"column":9}},"13":{"start":{"line":46,"column":12},"end":{"line":46,"column":76}},"14":{"start":{"line":51,"column":8},"end":{"line":58,"column":11}},"15":{"start":{"line":52,"column":12},"end":{"line":55,"column":13}},"16":{"start":{"line":53,"column":16},"end":{"line":53,"column":61}},"17":{"start":{"line":54,"column":16},"end":{"line":54,"column":85}},"18":{"start":{"line":56,"column":12},"end":{"line":56,"column":43}},"19":{"start":{"line":57,"column":12},"end":{"line":57,"column":49}},"20":{"start":{"line":63,"column":0},"end":{"line":68,"column":3}},"21":{"start":{"line":64,"column":4},"end":{"line":67,"column":7}},"22":{"start":{"line":71,"column":0},"end":{"line":115,"column":3}},"23":{"start":{"line":72,"column":4},"end":{"line":114,"column":5}},"24":{"start":{"line":73,"column":53},"end":{"line":73,"column":61}},"25":{"start":{"line":76,"column":29},"end":{"line":76,"column":58}},"26":{"start":{"line":77,"column":8},"end":{"line":82,"column":9}},"27":{"start":{"line":78,"column":12},"end":{"line":81,"column":15}},"28":{"start":{"line":85,"column":31},"end":{"line":85,"column":62}},"29":{"start":{"line":88,"column":21},"end":{"line":93,"column":10}},"30":{"start":{"line":95,"column":8},"end":{"line":95,"column":26}},"31":{"start":{"line":97,"column":8},"end":{"line":107,"column":11}},"32":{"start":{"line":109,"column":8},"end":{"line":109,"column":46}},"33":{"start":{"line":110,"column":8},"end":{"line":113,"column":11}},"34":{"start":{"line":118,"column":0},"end":{"line":184,"column":3}},"35":{"start":{"line":119,"column":4},"end":{"line":183,"column":5}},"36":{"start":{"line":120,"column":36},"end":{"line":120,"column":44}},"37":{"start":{"line":123,"column":8},"end":{"line":128,"column":9}},"38":{"start":{"line":124,"column":12},"end":{"line":127,"column":15}},"39":{"start":{"line":131,"column":21},"end":{"line":131,"column":50}},"40":{"start":{"line":132,"column":8},"end":{"line":137,"column":9}},"41":{"start":{"line":133,"column":12},"end":{"line":136,"column":15}},"42":{"start":{"line":140,"column":8},"end":{"line":145,"column":9}},"43":{"start":{"line":141,"column":12},"end":{"line":144,"column":15}},"44":{"start":{"line":148,"column":32},"end":{"line":148,"column":77}},"45":{"start":{"line":149,"column":8},"end":{"line":154,"column":9}},"46":{"start":{"line":150,"column":12},"end":{"line":153,"column":15}},"47":{"start":{"line":157,"column":8},"end":{"line":176,"column":11}},"48":{"start":{"line":158,"column":12},"end":{"line":163,"column":13}},"49":{"start":{"line":159,"column":16},"end":{"line":162,"column":19}},"50":{"start":{"line":165,"column":12},"end":{"line":175,"column":15}},"51":{"start":{"line":178,"column":8},"end":{"line":178,"column":45}},"52":{"start":{"line":179,"column":8},"end":{"line":182,"column":11}},"53":{"start":{"line":187,"column":0},"end":{"line":201,"column":3}},"54":{"start":{"line":188,"column":4},"end":{"line":200,"column":5}},"55":{"start":{"line":189,"column":22},"end":{"line":189,"column":82}},"56":{"start":{"line":190,"column":8},"end":{"line":193,"column":11}},"57":{"start":{"line":195,"column":8},"end":{"line":195,"column":49}},"58":{"start":{"line":196,"column":8},"end":{"line":199,"column":11}},"59":{"start":{"line":203,"column":0},"end":{"line":203,"column":24}}},"fnMap":{"0":{"name":"(anonymous_0)","decl":{"start":{"line":21,"column":29},"end":{"line":21,"column":30}},"loc":{"start":{"line":21,"column":43},"end":{"line":40,"column":1}},"line":21},"1":{"name":"(anonymous_1)","decl":{"start":{"line":43,"column":22},"end":{"line":43,"column":23}},"loc":{"start":{"line":43,"column":36},"end":{"line":60,"column":1}},"line":43},"2":{"name":"(anonymous_2)","decl":{"start":{"line":44,"column":15},"end":{"line":44,"column":16}},"loc":{"start":{"line":44,"column":24},"end":{"line":59,"column":5}},"line":44},"3":{"name":"(anonymous_3)","decl":{"start":{"line":51,"column":28},"end":{"line":51,"column":29}},"loc":{"start":{"line":51,"column":37},"end":{"line":58,"column":9}},"line":51},"4":{"name":"(anonymous_4)","decl":{"start":{"line":63,"column":28},"end":{"line":63,"column":29}},"loc":{"start":{"line":63,"column":42},"end":{"line":68,"column":1}},"line":63},"5":{"name":"(anonymous_5)","decl":{"start":{"line":71,"column":23},"end":{"line":71,"column":24}},"loc":{"start":{"line":71,"column":43},"end":{"line":115,"column":1}},"line":71},"6":{"name":"(anonymous_6)","decl":{"start":{"line":118,"column":22},"end":{"line":118,"column":23}},"loc":{"start":{"line":118,"column":42},"end":{"line":184,"column":1}},"line":118},"7":{"name":"(anonymous_7)","decl":{"start":{"line":157,"column":24},"end":{"line":157,"column":25}},"loc":{"start":{"line":157,"column":33},"end":{"line":176,"column":9}},"line":157},"8":{"name":"(anonymous_8)","decl":{"start":{"line":187,"column":21},"end":{"line":187,"column":22}},"loc":{"start":{"line":187,"column":41},"end":{"line":201,"column":1}},"line":187}},"branchMap":{"0":{"loc":{"start":{"line":22,"column":4},"end":{"line":39,"column":5}},"type":"if","locations":[{"start":{"line":22,"column":4},"end":{"line":39,"column":5}},{"start":{"line":34,"column":11},"end":{"line":39,"column":5}}],"line":22},"1":{"loc":{"start":{"line":45,"column":8},"end":{"line":47,"column":9}},"type":"if","locations":[{"start":{"line":45,"column":8},"end":{"line":47,"column":9}},{"start":{},"end":{}}],"line":45},"2":{"loc":{"start":{"line":52,"column":12},"end":{"line":55,"column":13}},"type":"if","locations":[{"start":{"line":52,"column":12},"end":{"line":55,"column":13}},{"start":{},"end":{}}],"line":52},"3":{"loc":{"start":{"line":77,"column":8},"end":{"line":82,"column":9}},"type":"if","locations":[{"start":{"line":77,"column":8},"end":{"line":82,"column":9}},{"start":{},"end":{}}],"line":77},"4":{"loc":{"start":{"line":123,"column":8},"end":{"line":128,"column":9}},"type":"if","locations":[{"start":{"line":123,"column":8},"end":{"line":128,"column":9}},{"start":{},"end":{}}],"line":123},"5":{"loc":{"start":{"line":123,"column":12},"end":{"line":123,"column":31}},"type":"binary-expr","locations":[{"start":{"line":123,"column":12},"end":{"line":123,"column":18}},{"start":{"line":123,"column":22},"end":{"line":123,"column":31}}],"line":123},"6":{"loc":{"start":{"line":132,"column":8},"end":{"line":137,"column":9}},"type":"if","locations":[{"start":{"line":132,"column":8},"end":{"line":137,"column":9}},{"start":{},"end":{}}],"line":132},"7":{"loc":{"start":{"line":140,"column":8},"end":{"line":145,"column":9}},"type":"if","locations":[{"start":{"line":140,"column":8},"end":{"line":145,"column":9}},{"start":{},"end":{}}],"line":140},"8":{"loc":{"start":{"line":149,"column":8},"end":{"line":154,"column":9}},"type":"if","locations":[{"start":{"line":149,"column":8},"end":{"line":154,"column":9}},{"start":{},"end":{}}],"line":149},"9":{"loc":{"start":{"line":158,"column":12},"end":{"line":163,"column":13}},"type":"if","locations":[{"start":{"line":158,"column":12},"end":{"line":163,"column":13}},{"start":{},"end":{}}],"line":158}},"s":{"0":0,"1":0,"2":0,"3":0,"4":0,"5":0,"6":0,"7":0,"8":0,"9":0,"10":0,"11":0,"12":0,"13":0,"14":0,"15":0,"16":0,"17":0,"18":0,"19":0,"20":0,"21":0,"22":0,"23":0,"24":0,"25":0,"26":0,"27":0,"28":0,"29":0,"30":0,"31":0,"32":0,"33":0,"34":0,"35":0,"36":0,"37":0,"38":0,"39":0,"40":0,"41":0,"42":0,"43":0,"44":0,"45":0,"46":0,"47":0,"48":0,"49":0,"50":0,"51":0,"52":0,"53":0,"54":0,"55":0,"56":0,"57":0,"58":0,"59":0},"f":{"0":0,"1":0,"2":0,"3":0,"4":0,"5":0,"6":0,"7":0,"8":0},"b":{"0":[0,0],"1":[0,0],"2":[0,0],"3":[0,0],"4":[0,0],"5":[0,0],"6":[0,0],"7":[0,0],"8":[0,0],"9":[0,0]}}
,"D:\\FYP\\Fyp1\\Fyp1\\Backend\\routes\\order.js": {"path":"D:\\FYP\\Fyp1\\Fyp1\\Backend\\routes\\order.js","statementMap":{"0":{"start":{"line":1,"column":16},"end":{"line":1,"column":34}},"1":{"start":{"line":2,"column":15},"end":{"line":2,"column":31}},"2":{"start":{"line":3,"column":14},"end":{"line":3,"column":40}},"3":{"start":{"line":4,"column":16},"end":{"line":4,"column":44}},"4":{"start":{"line":5,"column":15},"end":{"line":5,"column":42}},"5":{"start":{"line":8,"column":28},"end":{"line":12,"column":1}},"6":{"start":{"line":9,"column":20},"end":{"line":9,"column":51}},"7":{"start":{"line":10,"column":17},"end":{"line":10,"column":73}},"8":{"start":{"line":11,"column":2},"end":{"line":11,"column":38}},"9":{"start":{"line":15,"column":0},"end":{"line":108,"column":3}},"10":{"start":{"line":16,"column":2},"end":{"line":107,"column":3}},"11":{"start":{"line":17,"column":105},"end":{"line":17,"column":113}},"12":{"start":{"line":20,"column":4},"end":{"line":22,"column":5}},"13":{"start":{"line":21,"column":6},"end":{"line":21,"column":90}},"14":{"start":{"line":25,"column":24},"end":{"line":25,"column":45}},"15":{"start":{"line":28,"column":28},"end":{"line":36,"column":5}},"16":{"start":{"line":30,"column":24},"end":{"line":30,"column":56}},"17":{"start":{"line":31,"column":8},"end":{"line":34,"column":10}},"18":{"start":{"line":38,"column":18},"end":{"line":50,"column":6}},"19":{"start":{"line":52,"column":23},"end":{"line":52,"column":41}},"20":{"start":{"line":55,"column":28},"end":{"line":55,"column":30}},"21":{"start":{"line":56,"column":4},"end":{"line":62,"column":7}},"22":{"start":{"line":57,"column":23},"end":{"line":57,"column":36}},"23":{"start":{"line":58,"column":6},"end":{"line":60,"column":7}},"24":{"start":{"line":59,"column":8},"end":{"line":59,"column":39}},"25":{"start":{"line":61,"column":6},"end":{"line":61,"column":43}},"26":{"start":{"line":65,"column":4},"end":{"line":80,"column":5}},"27":{"start":{"line":66,"column":6},"end":{"line":79,"column":7}},"28":{"start":{"line":67,"column":23},"end":{"line":67,"column":54}},"29":{"start":{"line":68,"column":8},"end":{"line":76,"column":9}},"30":{"start":{"line":70,"column":10},"end":{"line":70,"column":86}},"31":{"start":{"line":71,"column":10},"end":{"line":71,"column":55}},"32":{"start":{"line":72,"column":10},"end":{"line":72,"column":86}},"33":{"start":{"line":73,"column":10},"end":{"line":73,"column":60}},"34":{"start":{"line":74,"column":10},"end":{"line":74,"column":107}},"35":{"start":{"line":75,"column":10},"end":{"line":75,"column":46}},"36":{"start":{"line":78,"column":8},"end":{"line":78,"column":68}},"37":{"start":{"line":83,"column":4},"end":{"line":83,"column":37}},"38":{"start":{"line":84,"column":4},"end":{"line":84,"column":46}},"39":{"start":{"line":85,"column":4},"end":{"line":85,"column":83}},"40":{"start":{"line":86,"column":4},"end":{"line":86,"column":46}},"41":{"start":{"line":87,"column":4},"end":{"line":87,"column":52}},"42":{"start":{"line":88,"column":4},"end":{"line":88,"column":113}},"43":{"start":{"line":89,"column":4},"end":{"line":89,"column":50}},"44":{"start":{"line":90,"column":4},"end":{"line":90,"column":40}},"45":{"start":{"line":91,"column":4},"end":{"line":91,"column":33}},"46":{"start":{"line":92,"column":4},"end":{"line":92,"column":36}},"47":{"start":{"line":94,"column":4},"end":{"line":99,"column":7}},"48":{"start":{"line":101,"column":4},"end":{"line":101,"column":50}},"49":{"start":{"line":102,"column":4},"end":{"line":106,"column":7}},"50":{"start":{"line":111,"column":0},"end":{"line":131,"column":3}},"51":{"start":{"line":112,"column":2},"end":{"line":130,"column":3}},"52":{"start":{"line":113,"column":18},"end":{"line":113,"column":78}},"53":{"start":{"line":115,"column":4},"end":{"line":117,"column":5}},"54":{"start":{"line":116,"column":6},"end":{"line":116,"column":82}},"55":{"start":{"line":119,"column":4},"end":{"line":122,"column":7}},"56":{"start":{"line":124,"column":4},"end":{"line":124,"column":50}},"57":{"start":{"line":125,"column":4},"end":{"line":129,"column":7}},"58":{"start":{"line":134,"column":0},"end":{"line":152,"column":3}},"59":{"start":{"line":135,"column":2},"end":{"line":151,"column":3}},"60":{"start":{"line":136,"column":19},"end":{"line":136,"column":61}},"61":{"start":{"line":138,"column":4},"end":{"line":143,"column":7}},"62":{"start":{"line":142,"column":50},"end":{"line":142,"column":67}},"63":{"start":{"line":145,"column":4},"end":{"line":145,"column":51}},"64":{"start":{"line":146,"column":4},"end":{"line":150,"column":7}},"65":{"start":{"line":155,"column":0},"end":{"line":172,"column":3}},"66":{"start":{"line":156,"column":2},"end":{"line":171,"column":3}},"67":{"start":{"line":157,"column":19},"end":{"line":157,"column":102}},"68":{"start":{"line":159,"column":4},"end":{"line":163,"column":7}},"69":{"start":{"line":165,"column":4},"end":{"line":165,"column":58}},"70":{"start":{"line":166,"column":4},"end":{"line":170,"column":7}},"71":{"start":{"line":175,"column":0},"end":{"line":206,"column":3}},"72":{"start":{"line":176,"column":2},"end":{"line":205,"column":3}},"73":{"start":{"line":177,"column":43},"end":{"line":177,"column":51}},"74":{"start":{"line":179,"column":23},"end":{"line":179,"column":25}},"75":{"start":{"line":180,"column":4},"end":{"line":180,"column":58}},"76":{"start":{"line":180,"column":21},"end":{"line":180,"column":58}},"77":{"start":{"line":181,"column":4},"end":{"line":181,"column":64}},"78":{"start":{"line":181,"column":23},"end":{"line":181,"column":64}},"79":{"start":{"line":183,"column":18},"end":{"line":187,"column":5}},"80":{"start":{"line":189,"column":4},"end":{"line":191,"column":5}},"81":{"start":{"line":190,"column":6},"end":{"line":190,"column":82}},"82":{"start":{"line":193,"column":4},"end":{"line":197,"column":7}},"83":{"start":{"line":199,"column":4},"end":{"line":199,"column":50}},"84":{"start":{"line":200,"column":4},"end":{"line":204,"column":7}},"85":{"start":{"line":208,"column":0},"end":{"line":208,"column":24}}},"fnMap":{"0":{"name":"(anonymous_0)","decl":{"start":{"line":8,"column":28},"end":{"line":8,"column":29}},"loc":{"start":{"line":8,"column":34},"end":{"line":12,"column":1}},"line":8},"1":{"name":"(anonymous_1)","decl":{"start":{"line":15,"column":23},"end":{"line":15,"column":24}},"loc":{"start":{"line":15,"column":43},"end":{"line":108,"column":1}},"line":15},"2":{"name":"(anonymous_2)","decl":{"start":{"line":29,"column":16},"end":{"line":29,"column":17}},"loc":{"start":{"line":29,"column":32},"end":{"line":35,"column":7}},"line":29},"3":{"name":"(anonymous_3)","decl":{"start":{"line":56,"column":28},"end":{"line":56,"column":29}},"loc":{"start":{"line":56,"column":38},"end":{"line":62,"column":5}},"line":56},"4":{"name":"(anonymous_4)","decl":{"start":{"line":111,"column":28},"end":{"line":111,"column":29}},"loc":{"start":{"line":111,"column":48},"end":{"line":131,"column":1}},"line":111},"5":{"name":"(anonymous_5)","decl":{"start":{"line":134,"column":25},"end":{"line":134,"column":26}},"loc":{"start":{"line":134,"column":45},"end":{"line":152,"column":1}},"line":134},"6":{"name":"(anonymous_6)","decl":{"start":{"line":142,"column":34},"end":{"line":142,"column":35}},"loc":{"start":{"line":142,"column":50},"end":{"line":142,"column":67}},"line":142},"7":{"name":"(anonymous_7)","decl":{"start":{"line":155,"column":32},"end":{"line":155,"column":33}},"loc":{"start":{"line":155,"column":52},"end":{"line":172,"column":1}},"line":155},"8":{"name":"(anonymous_8)","decl":{"start":{"line":175,"column":35},"end":{"line":175,"column":36}},"loc":{"start":{"line":175,"column":55},"end":{"line":206,"column":1}},"line":175}},"branchMap":{"0":{"loc":{"start":{"line":20,"column":4},"end":{"line":22,"column":5}},"type":"if","locations":[{"start":{"line":20,"column":4},"end":{"line":22,"column":5}},{"start":{},"end":{}}],"line":20},"1":{"loc":{"start":{"line":20,"column":8},"end":{"line":20,"column":53}},"type":"binary-expr","locations":[{"start":{"line":20,"column":8},"end":{"line":20,"column":21}},{"start":{"line":20,"column":25},"end":{"line":20,"column":31}},{"start":{"line":20,"column":35},"end":{"line":20,"column":53}}],"line":20},"2":{"loc":{"start":{"line":33,"column":20},"end":{"line":33,"column":69}},"type":"binary-expr","locations":[{"start":{"line":33,"column":20},"end":{"line":33,"column":35}},{"start":{"line":33,"column":39},"end":{"line":33,"column":56}},{"start":{"line":33,"column":60},"end":{"line":33,"column":69}}],"line":33},"3":{"loc":{"start":{"line":42,"column":22},"end":{"line":42,"column":70}},"type":"cond-expr","locations":[{"start":{"line":42,"column":49},"end":{"line":42,"column":63}},{"start":{"line":42,"column":66},"end":{"line":42,"column":70}}],"line":42},"4":{"loc":{"start":{"line":49,"column":21},"end":{"line":49,"column":67}},"type":"cond-expr","locations":[{"start":{"line":49,"column":47},"end":{"line":49,"column":55}},{"start":{"line":49,"column":58},"end":{"line":49,"column":67}}],"line":49},"5":{"loc":{"start":{"line":58,"column":6},"end":{"line":60,"column":7}},"type":"if","locations":[{"start":{"line":58,"column":6},"end":{"line":60,"column":7}},{"start":{},"end":{}}],"line":58},"6":{"loc":{"start":{"line":68,"column":8},"end":{"line":76,"column":9}},"type":"if","locations":[{"start":{"line":68,"column":8},"end":{"line":76,"column":9}},{"start":{},"end":{}}],"line":68},"7":{"loc":{"start":{"line":115,"column":4},"end":{"line":117,"column":5}},"type":"if","locations":[{"start":{"line":115,"column":4},"end":{"line":117,"column":5}},{"start":{},"end":{}}],"line":115},"8":{"loc":{"start":{"line":180,"column":4},"end":{"line":180,"column":58}},"type":"if","locations":[{"start":{"line":180,"column":4},"end":{"line":180,"column":58}},{"start":{},"end":{}}],"line":180},"9":{"loc":{"start":{"line":181,"column":4},"end":{"line":181,"column":64}},"type":"if","locations":[{"start":{"line":181,"column":4},"end":{"line":181,"column":64}},{"start":{},"end":{}}],"line":181},"10":{"loc":{"start":{"line":189,"column":4},"end":{"line":191,"column":5}},"type":"if","locations":[{"start":{"line":189,"column":4},"end":{"line":191,"column":5}},{"start":{},"end":{}}],"line":189}},"s":{"0":1,"1":1,"2":1,"3":1,"4":1,"5":1,"6":0,"7":0,"8":0,"9":1,"10":0,"11":0,"12":0,"13":0,"14":0,"15":0,"16":0,"17":0,"18":0,"19":0,"20":0,"21":0,"22":0,"23":0,"24":0,"25":0,"26":0,"27":0,"28":0,"29":0,"30":0,"31":0,"32":0,"33":0,"34":0,"35":0,"36":0,"37":0,"38":0,"39":0,"40":0,"41":0,"42":0,"43":0,"44":0,"45":0,"46":0,"47":0,"48":0,"49":0,"50":1,"51":0,"52":0,"53":0,"54":0,"55":0,"56":0,"57":0,"58":1,"59":0,"60":0,"61":0,"62":0,"63":0,"64":0,"65":1,"66":0,"67":0,"68":0,"69":0,"70":0,"71":1,"72":0,"73":0,"74":0,"75":0,"76":0,"77":0,"78":0,"79":0,"80":0,"81":0,"82":0,"83":0,"84":0,"85":1},"f":{"0":0,"1":0,"2":0,"3":0,"4":0,"5":0,"6":0,"7":0,"8":0},"b":{"0":[0,0],"1":[0,0,0],"2":[0,0,0],"3":[0,0],"4":[0,0],"5":[0,0],"6":[0,0],"7":[0,0],"8":[0,0],"9":[0,0],"10":[0,0]},"_coverageSchema":"1a1c01bbd47fc00a2c39e90264f33305004495a9","hash":"29e0cbd5e8f65817b4c349abbce9dd910d44732b"}
,"D:\\FYP\\Fyp1\\Fyp1\\Backend\\routes\\product.js": {"path":"D:\\FYP\\Fyp1\\Fyp1\\Backend\\routes\\product.js","statementMap":{"0":{"start":{"line":1,"column":15},"end":{"line":1,"column":42}},"1":{"start":{"line":2,"column":16},"end":{"line":2,"column":44}},"2":{"start":{"line":3,"column":15},"end":{"line":3,"column":42}},"3":{"start":{"line":6,"column":0},"end":{"line":23,"column":3}},"4":{"start":{"line":7,"column":4},"end":{"line":22,"column":5}},"5":{"start":{"line":8,"column":25},"end":{"line":10,"column":36}},"6":{"start":{"line":12,"column":8},"end":{"line":15,"column":11}},"7":{"start":{"line":17,"column":8},"end":{"line":17,"column":52}},"8":{"start":{"line":18,"column":8},"end":{"line":21,"column":11}},"9":{"start":{"line":26,"column":0},"end":{"line":43,"column":3}},"10":{"start":{"line":27,"column":4},"end":{"line":42,"column":5}},"11":{"start":{"line":28,"column":29},"end":{"line":28,"column":39}},"12":{"start":{"line":29,"column":25},"end":{"line":30,"column":36}},"13":{"start":{"line":32,"column":8},"end":{"line":35,"column":11}},"14":{"start":{"line":37,"column":8},"end":{"line":37,"column":59}},"15":{"start":{"line":38,"column":8},"end":{"line":41,"column":11}},"16":{"start":{"line":46,"column":0},"end":{"line":69,"column":3}},"17":{"start":{"line":47,"column":4},"end":{"line":68,"column":5}},"18":{"start":{"line":48,"column":24},"end":{"line":49,"column":59}},"19":{"start":{"line":51,"column":8},"end":{"line":56,"column":9}},"20":{"start":{"line":52,"column":12},"end":{"line":55,"column":15}},"21":{"start":{"line":58,"column":8},"end":{"line":61,"column":11}},"22":{"start":{"line":63,"column":8},"end":{"line":63,"column":51}},"23":{"start":{"line":64,"column":8},"end":{"line":67,"column":11}},"24":{"start":{"line":72,"column":0},"end":{"line":135,"column":3}},"25":{"start":{"line":73,"column":4},"end":{"line":134,"column":5}},"26":{"start":{"line":84,"column":12},"end":{"line":84,"column":20}},"27":{"start":{"line":87,"column":23},"end":{"line":87,"column":54}},"28":{"start":{"line":88,"column":8},"end":{"line":93,"column":9}},"29":{"start":{"line":89,"column":12},"end":{"line":92,"column":15}},"30":{"start":{"line":95,"column":8},"end":{"line":100,"column":9}},"31":{"start":{"line":96,"column":12},"end":{"line":99,"column":15}},"32":{"start":{"line":103,"column":33},"end":{"line":103,"column":46}},"33":{"start":{"line":104,"column":8},"end":{"line":106,"column":9}},"34":{"start":{"line":105,"column":12},"end":{"line":105,"column":93}},"35":{"start":{"line":108,"column":24},"end":{"line":119,"column":10}},"36":{"start":{"line":121,"column":8},"end":{"line":121,"column":29}},"37":{"start":{"line":123,"column":8},"end":{"line":127,"column":11}},"38":{"start":{"line":129,"column":8},"end":{"line":129,"column":54}},"39":{"start":{"line":130,"column":8},"end":{"line":133,"column":11}},"40":{"start":{"line":138,"column":0},"end":{"line":198,"column":3}},"41":{"start":{"line":139,"column":4},"end":{"line":197,"column":5}},"42":{"start":{"line":150,"column":12},"end":{"line":150,"column":20}},"43":{"start":{"line":152,"column":24},"end":{"line":152,"column":61}},"44":{"start":{"line":153,"column":8},"end":{"line":158,"column":9}},"45":{"start":{"line":154,"column":12},"end":{"line":157,"column":15}},"46":{"start":{"line":161,"column":8},"end":{"line":161,"column":38}},"47":{"start":{"line":161,"column":18},"end":{"line":161,"column":38}},"48":{"start":{"line":162,"column":8},"end":{"line":162,"column":59}},"49":{"start":{"line":162,"column":25},"end":{"line":162,"column":59}},"50":{"start":{"line":163,"column":8},"end":{"line":163,"column":50}},"51":{"start":{"line":163,"column":22},"end":{"line":163,"column":50}},"52":{"start":{"line":164,"column":8},"end":{"line":164,"column":55}},"53":{"start":{"line":164,"column":33},"end":{"line":164,"column":55}},"54":{"start":{"line":165,"column":8},"end":{"line":165,"column":79}},"55":{"start":{"line":165,"column":41},"end":{"line":165,"column":79}},"56":{"start":{"line":166,"column":8},"end":{"line":166,"column":64}},"57":{"start":{"line":166,"column":36},"end":{"line":166,"column":64}},"58":{"start":{"line":167,"column":8},"end":{"line":175,"column":9}},"59":{"start":{"line":168,"column":12},"end":{"line":168,"column":34}},"60":{"start":{"line":170,"column":12},"end":{"line":174,"column":13}},"61":{"start":{"line":171,"column":16},"end":{"line":171,"column":48}},"62":{"start":{"line":172,"column":19},"end":{"line":174,"column":13}},"63":{"start":{"line":173,"column":16},"end":{"line":173,"column":42}},"64":{"start":{"line":176,"column":8},"end":{"line":176,"column":44}},"65":{"start":{"line":176,"column":20},"end":{"line":176,"column":44}},"66":{"start":{"line":177,"column":8},"end":{"line":177,"column":44}},"67":{"start":{"line":177,"column":20},"end":{"line":177,"column":44}},"68":{"start":{"line":180,"column":8},"end":{"line":182,"column":9}},"69":{"start":{"line":181,"column":12},"end":{"line":181,"column":91}},"70":{"start":{"line":184,"column":8},"end":{"line":184,"column":29}},"71":{"start":{"line":186,"column":8},"end":{"line":190,"column":11}},"72":{"start":{"line":192,"column":8},"end":{"line":192,"column":54}},"73":{"start":{"line":193,"column":8},"end":{"line":196,"column":11}},"74":{"start":{"line":201,"column":0},"end":{"line":223,"column":3}},"75":{"start":{"line":202,"column":4},"end":{"line":222,"column":5}},"76":{"start":{"line":203,"column":24},"end":{"line":203,"column":70}},"77":{"start":{"line":205,"column":8},"end":{"line":210,"column":9}},"78":{"start":{"line":206,"column":12},"end":{"line":209,"column":15}},"79":{"start":{"line":212,"column":8},"end":{"line":215,"column":11}},"80":{"start":{"line":217,"column":8},"end":{"line":217,"column":54}},"81":{"start":{"line":218,"column":8},"end":{"line":221,"column":11}},"82":{"start":{"line":225,"column":0},"end":{"line":225,"column":24}}},"fnMap":{"0":{"name":"(anonymous_0)","decl":{"start":{"line":6,"column":16},"end":{"line":6,"column":17}},"loc":{"start":{"line":6,"column":36},"end":{"line":23,"column":1}},"line":6},"1":{"name":"(anonymous_1)","decl":{"start":{"line":26,"column":32},"end":{"line":26,"column":33}},"loc":{"start":{"line":26,"column":52},"end":{"line":43,"column":1}},"line":26},"2":{"name":"(anonymous_2)","decl":{"start":{"line":46,"column":19},"end":{"line":46,"column":20}},"loc":{"start":{"line":46,"column":39},"end":{"line":69,"column":1}},"line":46},"3":{"name":"(anonymous_3)","decl":{"start":{"line":72,"column":17},"end":{"line":72,"column":18}},"loc":{"start":{"line":72,"column":37},"end":{"line":135,"column":1}},"line":72},"4":{"name":"(anonymous_4)","decl":{"start":{"line":138,"column":19},"end":{"line":138,"column":20}},"loc":{"start":{"line":138,"column":39},"end":{"line":198,"column":1}},"line":138},"5":{"name":"(anonymous_5)","decl":{"start":{"line":201,"column":22},"end":{"line":201,"column":23}},"loc":{"start":{"line":201,"column":42},"end":{"line":223,"column":1}},"line":201}},"branchMap":{"0":{"loc":{"start":{"line":51,"column":8},"end":{"line":56,"column":9}},"type":"if","locations":[{"start":{"line":51,"column":8},"end":{"line":56,"column":9}},{"start":{},"end":{}}],"line":51},"1":{"loc":{"start":{"line":88,"column":8},"end":{"line":93,"column":9}},"type":"if","locations":[{"start":{"line":88,"column":8},"end":{"line":93,"column":9}},{"start":{},"end":{}}],"line":88},"2":{"loc":{"start":{"line":95,"column":8},"end":{"line":100,"column":9}},"type":"if","locations":[{"start":{"line":95,"column":8},"end":{"line":100,"column":9}},{"start":{},"end":{}}],"line":95},"3":{"loc":{"start":{"line":103,"column":33},"end":{"line":103,"column":46}},"type":"binary-expr","locations":[{"start":{"line":103,"column":33},"end":{"line":103,"column":41}},{"start":{"line":103,"column":45},"end":{"line":103,"column":46}}],"line":103},"4":{"loc":{"start":{"line":104,"column":8},"end":{"line":106,"column":9}},"type":"if","locations":[{"start":{"line":104,"column":8},"end":{"line":106,"column":9}},{"start":{},"end":{}}],"line":104},"5":{"loc":{"start":{"line":104,"column":12},"end":{"line":104,"column":50}},"type":"binary-expr","locations":[{"start":{"line":104,"column":12},"end":{"line":104,"column":25}},{"start":{"line":104,"column":29},"end":{"line":104,"column":50}}],"line":104},"6":{"loc":{"start":{"line":114,"column":27},"end":{"line":114,"column":49}},"type":"binary-expr","locations":[{"start":{"line":114,"column":27},"end":{"line":114,"column":40}},{"start":{"line":114,"column":44},"end":{"line":114,"column":49}}],"line":114},"7":{"loc":{"start":{"line":117,"column":20},"end":{"line":117,"column":32}},"type":"binary-expr","locations":[{"start":{"line":117,"column":20},"end":{"line":117,"column":26}},{"start":{"line":117,"column":30},"end":{"line":117,"column":32}}],"line":117},"8":{"loc":{"start":{"line":118,"column":20},"end":{"line":118,"column":57}},"type":"cond-expr","locations":[{"start":{"line":118,"column":32},"end":{"line":118,"column":40}},{"start":{"line":118,"column":43},"end":{"line":118,"column":57}}],"line":118},"9":{"loc":{"start":{"line":132,"column":21},"end":{"line":132,"column":62}},"type":"binary-expr","locations":[{"start":{"line":132,"column":21},"end":{"line":132,"column":34}},{"start":{"line":132,"column":38},"end":{"line":132,"column":62}}],"line":132},"10":{"loc":{"start":{"line":153,"column":8},"end":{"line":158,"column":9}},"type":"if","locations":[{"start":{"line":153,"column":8},"end":{"line":158,"column":9}},{"start":{},"end":{}}],"line":153},"11":{"loc":{"start":{"line":161,"column":8},"end":{"line":161,"column":38}},"type":"if","locations":[{"start":{"line":161,"column":8},"end":{"line":161,"column":38}},{"start":{},"end":{}}],"line":161},"12":{"loc":{"start":{"line":162,"column":8},"end":{"line":162,"column":59}},"type":"if","locations":[{"start":{"line":162,"column":8},"end":{"line":162,"column":59}},{"start":{},"end":{}}],"line":162},"13":{"loc":{"start":{"line":163,"column":8},"end":{"line":163,"column":50}},"type":"if","locations":[{"start":{"line":163,"column":8},"end":{"line":163,"column":50}},{"start":{},"end":{}}],"line":163},"14":{"loc":{"start":{"line":164,"column":8},"end":{"line":164,"column":55}},"type":"if","locations":[{"start":{"line":164,"column":8},"end":{"line":164,"column":55}},{"start":{},"end":{}}],"line":164},"15":{"loc":{"start":{"line":165,"column":8},"end":{"line":165,"column":79}},"type":"if","locations":[{"start":{"line":165,"column":8},"end":{"line":165,"column":79}},{"start":{},"end":{}}],"line":165},"16":{"loc":{"start":{"line":166,"column":8},"end":{"line":166,"column":64}},"type":"if","locations":[{"start":{"line":166,"column":8},"end":{"line":166,"column":64}},{"start":{},"end":{}}],"line":166},"17":{"loc":{"start":{"line":167,"column":8},"end":{"line":175,"column":9}},"type":"if","locations":[{"start":{"line":167,"column":8},"end":{"line":175,"column":9}},{"start":{},"end":{}}],"line":167},"18":{"loc":{"start":{"line":170,"column":12},"end":{"line":174,"column":13}},"type":"if","locations":[{"start":{"line":170,"column":12},"end":{"line":174,"column":13}},{"start":{"line":172,"column":19},"end":{"line":174,"column":13}}],"line":170},"19":{"loc":{"start":{"line":170,"column":16},"end":{"line":170,"column":58}},"type":"binary-expr","locations":[{"start":{"line":170,"column":16},"end":{"line":170,"column":27}},{"start":{"line":170,"column":31},"end":{"line":170,"column":58}}],"line":170},"20":{"loc":{"start":{"line":172,"column":19},"end":{"line":174,"column":13}},"type":"if","locations":[{"start":{"line":172,"column":19},"end":{"line":174,"column":13}},{"start":{},"end":{}}],"line":172},"21":{"loc":{"start":{"line":172,"column":23},"end":{"line":172,"column":69}},"type":"binary-expr","locations":[{"start":{"line":172,"column":23},"end":{"line":172,"column":32}},{"start":{"line":172,"column":36},"end":{"line":172,"column":69}}],"line":172},"22":{"loc":{"start":{"line":176,"column":8},"end":{"line":176,"column":44}},"type":"if","locations":[{"start":{"line":176,"column":8},"end":{"line":176,"column":44}},{"start":{},"end":{}}],"line":176},"23":{"loc":{"start":{"line":177,"column":8},"end":{"line":177,"column":44}},"type":"if","locations":[{"start":{"line":177,"column":8},"end":{"line":177,"column":44}},{"start":{},"end":{}}],"line":177},"24":{"loc":{"start":{"line":180,"column":8},"end":{"line":182,"column":9}},"type":"if","locations":[{"start":{"line":180,"column":8},"end":{"line":182,"column":9}},{"start":{},"end":{}}],"line":180},"25":{"loc":{"start":{"line":180,"column":12},"end":{"line":180,"column":59}},"type":"binary-expr","locations":[{"start":{"line":180,"column":12},"end":{"line":180,"column":25}},{"start":{"line":180,"column":29},"end":{"line":180,"column":34}},{"start":{"line":180,"column":38},"end":{"line":180,"column":59}}],"line":180},"26":{"loc":{"start":{"line":205,"column":8},"end":{"line":210,"column":9}},"type":"if","locations":[{"start":{"line":205,"column":8},"end":{"line":210,"column":9}},{"start":{},"end":{}}],"line":205}},"s":{"0":1,"1":1,"2":1,"3":1,"4":0,"5":0,"6":0,"7":0,"8":0,"9":1,"10":0,"11":0,"12":0,"13":0,"14":0,"15":0,"16":1,"17":0,"18":0,"19":0,"20":0,"21":0,"22":0,"23":0,"24":1,"25":0,"26":0,"27":0,"28":0,"29":0,"30":0,"31":0,"32":0,"33":0,"34":0,"35":0,"36":0,"37":0,"38":0,"39":0,"40":1,"41":0,"42":0,"43":0,"44":0,"45":0,"46":0,"47":0,"48":0,"49":0,"50":0,"51":0,"52":0,"53":0,"54":0,"55":0,"56":0,"57":0,"58":0,"59":0,"60":0,"61":0,"62":0,"63":0,"64":0,"65":0,"66":0,"67":0,"68":0,"69":0,"70":0,"71":0,"72":0,"73":0,"74":1,"75":0,"76":0,"77":0,"78":0,"79":0,"80":0,"81":0,"82":1},"f":{"0":0,"1":0,"2":0,"3":0,"4":0,"5":0},"b":{"0":[0,0],"1":[0,0],"2":[0,0],"3":[0,0],"4":[0,0],"5":[0,0],"6":[0,0],"7":[0,0],"8":[0,0],"9":[0,0],"10":[0,0],"11":[0,0],"12":[0,0],"13":[0,0],"14":[0,0],"15":[0,0],"16":[0,0],"17":[0,0],"18":[0,0],"19":[0,0],"20":[0,0],"21":[0,0],"22":[0,0],"23":[0,0],"24":[0,0],"25":[0,0,0],"26":[0,0]},"_coverageSchema":"1a1c01bbd47fc00a2c39e90264f33305004495a9","hash":"0746e42f4ced969681d50875bdf9a9c4ee2cd89a"}
,"D:\\FYP\\Fyp1\\Fyp1\\Backend\\routes\\seller.js": {"path":"D:\\FYP\\Fyp1\\Fyp1\\Backend\\routes\\seller.js","statementMap":{"0":{"start":{"line":1,"column":15},"end":{"line":1,"column":42}},"1":{"start":{"line":2,"column":15},"end":{"line":2,"column":42}},"2":{"start":{"line":3,"column":15},"end":{"line":3,"column":34}},"3":{"start":{"line":6,"column":0},"end":{"line":83,"column":3}},"4":{"start":{"line":7,"column":4},"end":{"line":82,"column":5}},"5":{"start":{"line":26,"column":12},"end":{"line":26,"column":20}},"6":{"start":{"line":29,"column":31},"end":{"line":29,"column":62}},"7":{"start":{"line":30,"column":8},"end":{"line":35,"column":9}},"8":{"start":{"line":31,"column":12},"end":{"line":34,"column":15}},"9":{"start":{"line":38,"column":31},"end":{"line":38,"column":62}},"10":{"start":{"line":41,"column":23},"end":{"line":60,"column":10}},"11":{"start":{"line":62,"column":8},"end":{"line":62,"column":28}},"12":{"start":{"line":64,"column":8},"end":{"line":75,"column":11}},"13":{"start":{"line":77,"column":8},"end":{"line":77,"column":59}},"14":{"start":{"line":78,"column":8},"end":{"line":81,"column":11}},"15":{"start":{"line":86,"column":0},"end":{"line":139,"column":3}},"16":{"start":{"line":87,"column":4},"end":{"line":138,"column":5}},"17":{"start":{"line":88,"column":36},"end":{"line":88,"column":44}},"18":{"start":{"line":91,"column":23},"end":{"line":91,"column":54}},"19":{"start":{"line":92,"column":8},"end":{"line":97,"column":9}},"20":{"start":{"line":93,"column":12},"end":{"line":96,"column":15}},"21":{"start":{"line":100,"column":8},"end":{"line":105,"column":9}},"22":{"start":{"line":101,"column":12},"end":{"line":104,"column":15}},"23":{"start":{"line":108,"column":32},"end":{"line":108,"column":79}},"24":{"start":{"line":109,"column":8},"end":{"line":114,"column":9}},"25":{"start":{"line":110,"column":12},"end":{"line":113,"column":15}},"26":{"start":{"line":117,"column":8},"end":{"line":117,"column":53}},"27":{"start":{"line":118,"column":8},"end":{"line":118,"column":47}},"28":{"start":{"line":120,"column":8},"end":{"line":131,"column":11}},"29":{"start":{"line":133,"column":8},"end":{"line":133,"column":52}},"30":{"start":{"line":134,"column":8},"end":{"line":137,"column":11}},"31":{"start":{"line":142,"column":0},"end":{"line":173,"column":3}},"32":{"start":{"line":143,"column":4},"end":{"line":172,"column":5}},"33":{"start":{"line":144,"column":8},"end":{"line":159,"column":9}},"34":{"start":{"line":145,"column":27},"end":{"line":145,"column":70}},"35":{"start":{"line":146,"column":12},"end":{"line":158,"column":13}},"36":{"start":{"line":147,"column":16},"end":{"line":157,"column":19}},"37":{"start":{"line":161,"column":8},"end":{"line":165,"column":11}},"38":{"start":{"line":167,"column":8},"end":{"line":167,"column":50}},"39":{"start":{"line":168,"column":8},"end":{"line":171,"column":11}},"40":{"start":{"line":176,"column":0},"end":{"line":188,"column":3}},"41":{"start":{"line":177,"column":4},"end":{"line":187,"column":7}},"42":{"start":{"line":178,"column":8},"end":{"line":181,"column":9}},"43":{"start":{"line":179,"column":12},"end":{"line":179,"column":57}},"44":{"start":{"line":180,"column":12},"end":{"line":180,"column":76}},"45":{"start":{"line":182,"column":8},"end":{"line":182,"column":39}},"46":{"start":{"line":183,"column":8},"end":{"line":186,"column":11}},"47":{"start":{"line":191,"column":0},"end":{"line":205,"column":3}},"48":{"start":{"line":192,"column":4},"end":{"line":204,"column":5}},"49":{"start":{"line":193,"column":24},"end":{"line":193,"column":86}},"50":{"start":{"line":194,"column":8},"end":{"line":197,"column":11}},"51":{"start":{"line":199,"column":8},"end":{"line":199,"column":51}},"52":{"start":{"line":200,"column":8},"end":{"line":203,"column":11}},"53":{"start":{"line":208,"column":0},"end":{"line":222,"column":3}},"54":{"start":{"line":209,"column":4},"end":{"line":221,"column":5}},"55":{"start":{"line":210,"column":24},"end":{"line":210,"column":105}},"56":{"start":{"line":211,"column":8},"end":{"line":214,"column":11}},"57":{"start":{"line":216,"column":8},"end":{"line":216,"column":59}},"58":{"start":{"line":217,"column":8},"end":{"line":220,"column":11}},"59":{"start":{"line":225,"column":0},"end":{"line":245,"column":3}},"60":{"start":{"line":226,"column":4},"end":{"line":244,"column":5}},"61":{"start":{"line":227,"column":23},"end":{"line":227,"column":76}},"62":{"start":{"line":228,"column":8},"end":{"line":233,"column":9}},"63":{"start":{"line":229,"column":12},"end":{"line":232,"column":15}},"64":{"start":{"line":234,"column":8},"end":{"line":237,"column":11}},"65":{"start":{"line":239,"column":8},"end":{"line":239,"column":50}},"66":{"start":{"line":240,"column":8},"end":{"line":243,"column":11}},"67":{"start":{"line":248,"column":0},"end":{"line":279,"column":3}},"68":{"start":{"line":249,"column":4},"end":{"line":278,"column":5}},"69":{"start":{"line":250,"column":23},"end":{"line":250,"column":59}},"70":{"start":{"line":251,"column":8},"end":{"line":256,"column":9}},"71":{"start":{"line":252,"column":12},"end":{"line":255,"column":15}},"72":{"start":{"line":258,"column":8},"end":{"line":258,"column":35}},"73":{"start":{"line":259,"column":8},"end":{"line":259,"column":28}},"74":{"start":{"line":261,"column":8},"end":{"line":271,"column":11}},"75":{"start":{"line":273,"column":8},"end":{"line":273,"column":54}},"76":{"start":{"line":274,"column":8},"end":{"line":277,"column":11}},"77":{"start":{"line":282,"column":0},"end":{"line":313,"column":3}},"78":{"start":{"line":283,"column":4},"end":{"line":312,"column":5}},"79":{"start":{"line":284,"column":23},"end":{"line":284,"column":59}},"80":{"start":{"line":285,"column":8},"end":{"line":290,"column":9}},"81":{"start":{"line":286,"column":12},"end":{"line":289,"column":15}},"82":{"start":{"line":292,"column":8},"end":{"line":292,"column":35}},"83":{"start":{"line":293,"column":8},"end":{"line":293,"column":28}},"84":{"start":{"line":295,"column":8},"end":{"line":305,"column":11}},"85":{"start":{"line":307,"column":8},"end":{"line":307,"column":53}},"86":{"start":{"line":308,"column":8},"end":{"line":311,"column":11}},"87":{"start":{"line":315,"column":0},"end":{"line":315,"column":24}}},"fnMap":{"0":{"name":"(anonymous_0)","decl":{"start":{"line":6,"column":25},"end":{"line":6,"column":26}},"loc":{"start":{"line":6,"column":45},"end":{"line":83,"column":1}},"line":6},"1":{"name":"(anonymous_1)","decl":{"start":{"line":86,"column":22},"end":{"line":86,"column":23}},"loc":{"start":{"line":86,"column":42},"end":{"line":139,"column":1}},"line":86},"2":{"name":"(anonymous_2)","decl":{"start":{"line":142,"column":26},"end":{"line":142,"column":27}},"loc":{"start":{"line":142,"column":46},"end":{"line":173,"column":1}},"line":142},"3":{"name":"(anonymous_3)","decl":{"start":{"line":176,"column":23},"end":{"line":176,"column":24}},"loc":{"start":{"line":176,"column":37},"end":{"line":188,"column":1}},"line":176},"4":{"name":"(anonymous_4)","decl":{"start":{"line":177,"column":24},"end":{"line":177,"column":25}},"loc":{"start":{"line":177,"column":33},"end":{"line":187,"column":5}},"line":177},"5":{"name":"(anonymous_5)","decl":{"start":{"line":191,"column":19},"end":{"line":191,"column":20}},"loc":{"start":{"line":191,"column":39},"end":{"line":205,"column":1}},"line":191},"6":{"name":"(anonymous_6)","decl":{"start":{"line":208,"column":23},"end":{"line":208,"column":24}},"loc":{"start":{"line":208,"column":43},"end":{"line":222,"column":1}},"line":208},"7":{"name":"(anonymous_7)","decl":{"start":{"line":225,"column":19},"end":{"line":225,"column":20}},"loc":{"start":{"line":225,"column":39},"end":{"line":245,"column":1}},"line":225},"8":{"name":"(anonymous_8)","decl":{"start":{"line":248,"column":27},"end":{"line":248,"column":28}},"loc":{"start":{"line":248,"column":47},"end":{"line":279,"column":1}},"line":248},"9":{"name":"(anonymous_9)","decl":{"start":{"line":282,"column":26},"end":{"line":282,"column":27}},"loc":{"start":{"line":282,"column":46},"end":{"line":313,"column":1}},"line":282}},"branchMap":{"0":{"loc":{"start":{"line":30,"column":8},"end":{"line":35,"column":9}},"type":"if","locations":[{"start":{"line":30,"column":8},"end":{"line":35,"column":9}},{"start":{},"end":{}}],"line":30},"1":{"loc":{"start":{"line":48,"column":29},"end":{"line":48,"column":50}},"type":"binary-expr","locations":[{"start":{"line":48,"column":29},"end":{"line":48,"column":44}},{"start":{"line":48,"column":48},"end":{"line":48,"column":50}}],"line":48},"2":{"loc":{"start":{"line":52,"column":21},"end":{"line":52,"column":34}},"type":"binary-expr","locations":[{"start":{"line":52,"column":21},"end":{"line":52,"column":28}},{"start":{"line":52,"column":32},"end":{"line":52,"column":34}}],"line":52},"3":{"loc":{"start":{"line":80,"column":21},"end":{"line":80,"column":69}},"type":"binary-expr","locations":[{"start":{"line":80,"column":21},"end":{"line":80,"column":34}},{"start":{"line":80,"column":38},"end":{"line":80,"column":69}}],"line":80},"4":{"loc":{"start":{"line":92,"column":8},"end":{"line":97,"column":9}},"type":"if","locations":[{"start":{"line":92,"column":8},"end":{"line":97,"column":9}},{"start":{},"end":{}}],"line":92},"5":{"loc":{"start":{"line":100,"column":8},"end":{"line":105,"column":9}},"type":"if","locations":[{"start":{"line":100,"column":8},"end":{"line":105,"column":9}},{"start":{},"end":{}}],"line":100},"6":{"loc":{"start":{"line":109,"column":8},"end":{"line":114,"column":9}},"type":"if","locations":[{"start":{"line":109,"column":8},"end":{"line":114,"column":9}},{"start":{},"end":{}}],"line":109},"7":{"loc":{"start":{"line":144,"column":8},"end":{"line":159,"column":9}},"type":"if","locations":[{"start":{"line":144,"column":8},"end":{"line":159,"column":9}},{"start":{},"end":{}}],"line":144},"8":{"loc":{"start":{"line":144,"column":12},"end":{"line":144,"column":47}},"type":"binary-expr","locations":[{"start":{"line":144,"column":12},"end":{"line":144,"column":23}},{"start":{"line":144,"column":27},"end":{"line":144,"column":47}}],"line":144},"9":{"loc":{"start":{"line":146,"column":12},"end":{"line":158,"column":13}},"type":"if","locations":[{"start":{"line":146,"column":12},"end":{"line":158,"column":13}},{"start":{},"end":{}}],"line":146},"10":{"loc":{"start":{"line":178,"column":8},"end":{"line":181,"column":9}},"type":"if","locations":[{"start":{"line":178,"column":8},"end":{"line":181,"column":9}},{"start":{},"end":{}}],"line":178},"11":{"loc":{"start":{"line":228,"column":8},"end":{"line":233,"column":9}},"type":"if","locations":[{"start":{"line":228,"column":8},"end":{"line":233,"column":9}},{"start":{},"end":{}}],"line":228},"12":{"loc":{"start":{"line":251,"column":8},"end":{"line":256,"column":9}},"type":"if","locations":[{"start":{"line":251,"column":8},"end":{"line":256,"column":9}},{"start":{},"end":{}}],"line":251},"13":{"loc":{"start":{"line":285,"column":8},"end":{"line":290,"column":9}},"type":"if","locations":[{"start":{"line":285,"column":8},"end":{"line":290,"column":9}},{"start":{},"end":{}}],"line":285}},"s":{"0":1,"1":1,"2":1,"3":1,"4":0,"5":0,"6":0,"7":0,"8":0,"9":0,"10":0,"11":0,"12":0,"13":0,"14":0,"15":1,"16":0,"17":0,"18":0,"19":0,"20":0,"21":0,"22":0,"23":0,"24":0,"25":0,"26":0,"27":0,"28":0,"29":0,"30":0,"31":1,"32":0,"33":0,"34":0,"35":0,"36":0,"37":0,"38":0,"39":0,"40":1,"41":0,"42":0,"43":0,"44":0,"45":0,"46":0,"47":1,"48":0,"49":0,"50":0,"51":0,"52":0,"53":1,"54":0,"55":0,"56":0,"57":0,"58":0,"59":1,"60":0,"61":0,"62":0,"63":0,"64":0,"65":0,"66":0,"67":1,"68":0,"69":0,"70":0,"71":0,"72":0,"73":0,"74":0,"75":0,"76":0,"77":1,"78":0,"79":0,"80":0,"81":0,"82":0,"83":0,"84":0,"85":0,"86":0,"87":1},"f":{"0":0,"1":0,"2":0,"3":0,"4":0,"5":0,"6":0,"7":0,"8":0,"9":0},"b":{"0":[0,0],"1":[0,0],"2":[0,0],"3":[0,0],"4":[0,0],"5":[0,0],"6":[0,0],"7":[0,0],"8":[0,0],"9":[0,0],"10":[0,0],"11":[0,0],"12":[0,0],"13":[0,0]},"_coverageSchema":"1a1c01bbd47fc00a2c39e90264f33305004495a9","hash":"d7abc18869a029a064a886af22b3cf8ad225b3f9"}
}
