TN:
SF:models\order.js
FNF:0
FNH:0
DA:1,1
DA:3,1
DA:84,1
LF:3
LH:3
BRF:0
BRH:0
end_of_record
TN:
SF:models\product.js
FN:90,(anonymous_0)
FNF:1
FNH:0
FNDA:0,(anonymous_0)
DA:1,2
DA:2,2
DA:4,2
DA:90,2
DA:91,0
DA:92,0
DA:95,2
LF:7
LH:5
BRF:0
BRH:0
end_of_record
TN:
SF:models\seller.js
FN:105,(anonymous_0)
FNF:1
FNH:0
FNDA:0,(anonymous_0)
DA:1,3
DA:2,3
DA:4,3
DA:105,3
DA:106,0
DA:107,0
DA:110,3
LF:7
LH:5
BRF:0
BRH:0
end_of_record
TN:
SF:models\user.js
FNF:0
FNH:0
DA:1,1
DA:2,1
DA:4,1
DA:37,1
LF:4
LH:4
BRF:0
BRH:0
end_of_record
TN:
SF:routes\auth.js
FN:21,(anonymous_0)
FN:43,(anonymous_1)
FN:44,(anonymous_2)
FN:51,(anonymous_3)
FN:63,(anonymous_4)
FN:71,(anonymous_5)
FN:118,(anonymous_6)
FN:157,(anonymous_7)
FN:187,(anonymous_8)
FNF:9
FNH:0
FNDA:0,(anonymous_0)
FNDA:0,(anonymous_1)
FNDA:0,(anonymous_2)
FNDA:0,(anonymous_3)
FNDA:0,(anonymous_4)
FNDA:0,(anonymous_5)
FNDA:0,(anonymous_6)
FNDA:0,(anonymous_7)
FNDA:0,(anonymous_8)
DA:1,0
DA:2,0
DA:3,0
DA:4,0
DA:7,0
DA:12,0
DA:21,0
DA:22,0
DA:24,0
DA:35,0
DA:43,0
DA:44,0
DA:45,0
DA:46,0
DA:51,0
DA:52,0
DA:53,0
DA:54,0
DA:56,0
DA:57,0
DA:63,0
DA:64,0
DA:71,0
DA:72,0
DA:73,0
DA:76,0
DA:77,0
DA:78,0
DA:85,0
DA:88,0
DA:95,0
DA:97,0
DA:109,0
DA:110,0
DA:118,0
DA:119,0
DA:120,0
DA:123,0
DA:124,0
DA:131,0
DA:132,0
DA:133,0
DA:140,0
DA:141,0
DA:148,0
DA:149,0
DA:150,0
DA:157,0
DA:158,0
DA:159,0
DA:165,0
DA:178,0
DA:179,0
DA:187,0
DA:188,0
DA:189,0
DA:190,0
DA:195,0
DA:196,0
DA:203,0
LF:60
LH:0
BRDA:22,0,0,0
BRDA:22,0,1,0
BRDA:45,1,0,0
BRDA:45,1,1,0
BRDA:52,2,0,0
BRDA:52,2,1,0
BRDA:77,3,0,0
BRDA:77,3,1,0
BRDA:123,4,0,0
BRDA:123,4,1,0
BRDA:123,5,0,0
BRDA:123,5,1,0
BRDA:132,6,0,0
BRDA:132,6,1,0
BRDA:140,7,0,0
BRDA:140,7,1,0
BRDA:149,8,0,0
BRDA:149,8,1,0
BRDA:158,9,0,0
BRDA:158,9,1,0
BRF:20
BRH:0
end_of_record
TN:
SF:routes\order.js
FN:8,(anonymous_0)
FN:15,(anonymous_1)
FN:29,(anonymous_2)
FN:56,(anonymous_3)
FN:111,(anonymous_4)
FN:134,(anonymous_5)
FN:142,(anonymous_6)
FN:155,(anonymous_7)
FN:175,(anonymous_8)
FNF:9
FNH:0
FNDA:0,(anonymous_0)
FNDA:0,(anonymous_1)
FNDA:0,(anonymous_2)
FNDA:0,(anonymous_3)
FNDA:0,(anonymous_4)
FNDA:0,(anonymous_5)
FNDA:0,(anonymous_6)
FNDA:0,(anonymous_7)
FNDA:0,(anonymous_8)
DA:1,1
DA:2,1
DA:3,1
DA:4,1
DA:5,1
DA:8,1
DA:9,0
DA:10,0
DA:11,0
DA:15,1
DA:16,0
DA:17,0
DA:20,0
DA:21,0
DA:25,0
DA:28,0
DA:30,0
DA:31,0
DA:38,0
DA:52,0
DA:55,0
DA:56,0
DA:57,0
DA:58,0
DA:59,0
DA:61,0
DA:65,0
DA:66,0
DA:67,0
DA:68,0
DA:70,0
DA:71,0
DA:72,0
DA:73,0
DA:74,0
DA:75,0
DA:78,0
DA:83,0
DA:84,0
DA:85,0
DA:86,0
DA:87,0
DA:88,0
DA:89,0
DA:90,0
DA:91,0
DA:92,0
DA:94,0
DA:101,0
DA:102,0
DA:111,1
DA:112,0
DA:113,0
DA:115,0
DA:116,0
DA:119,0
DA:124,0
DA:125,0
DA:134,1
DA:135,0
DA:136,0
DA:138,0
DA:142,0
DA:145,0
DA:146,0
DA:155,1
DA:156,0
DA:157,0
DA:159,0
DA:165,0
DA:166,0
DA:175,1
DA:176,0
DA:177,0
DA:179,0
DA:180,0
DA:181,0
DA:183,0
DA:189,0
DA:190,0
DA:193,0
DA:199,0
DA:200,0
DA:208,1
LF:84
LH:12
BRDA:20,0,0,0
BRDA:20,0,1,0
BRDA:20,1,0,0
BRDA:20,1,1,0
BRDA:20,1,2,0
BRDA:33,2,0,0
BRDA:33,2,1,0
BRDA:33,2,2,0
BRDA:42,3,0,0
BRDA:42,3,1,0
BRDA:49,4,0,0
BRDA:49,4,1,0
BRDA:58,5,0,0
BRDA:58,5,1,0
BRDA:68,6,0,0
BRDA:68,6,1,0
BRDA:115,7,0,0
BRDA:115,7,1,0
BRDA:180,8,0,0
BRDA:180,8,1,0
BRDA:181,9,0,0
BRDA:181,9,1,0
BRDA:189,10,0,0
BRDA:189,10,1,0
BRF:24
BRH:0
end_of_record
TN:
SF:routes\product.js
FN:6,(anonymous_0)
FN:26,(anonymous_1)
FN:46,(anonymous_2)
FN:72,(anonymous_3)
FN:138,(anonymous_4)
FN:201,(anonymous_5)
FNF:6
FNH:0
FNDA:0,(anonymous_0)
FNDA:0,(anonymous_1)
FNDA:0,(anonymous_2)
FNDA:0,(anonymous_3)
FNDA:0,(anonymous_4)
FNDA:0,(anonymous_5)
DA:1,1
DA:2,1
DA:3,1
DA:6,1
DA:7,0
DA:8,0
DA:12,0
DA:17,0
DA:18,0
DA:26,1
DA:27,0
DA:28,0
DA:29,0
DA:32,0
DA:37,0
DA:38,0
DA:46,1
DA:47,0
DA:48,0
DA:51,0
DA:52,0
DA:58,0
DA:63,0
DA:64,0
DA:72,1
DA:73,0
DA:84,0
DA:87,0
DA:88,0
DA:89,0
DA:95,0
DA:96,0
DA:103,0
DA:104,0
DA:105,0
DA:108,0
DA:121,0
DA:123,0
DA:129,0
DA:130,0
DA:138,1
DA:139,0
DA:150,0
DA:152,0
DA:153,0
DA:154,0
DA:161,0
DA:162,0
DA:163,0
DA:164,0
DA:165,0
DA:166,0
DA:167,0
DA:168,0
DA:170,0
DA:171,0
DA:172,0
DA:173,0
DA:176,0
DA:177,0
DA:180,0
DA:181,0
DA:184,0
DA:186,0
DA:192,0
DA:193,0
DA:201,1
DA:202,0
DA:203,0
DA:205,0
DA:206,0
DA:212,0
DA:217,0
DA:218,0
DA:225,1
LF:75
LH:10
BRDA:51,0,0,0
BRDA:51,0,1,0
BRDA:88,1,0,0
BRDA:88,1,1,0
BRDA:95,2,0,0
BRDA:95,2,1,0
BRDA:103,3,0,0
BRDA:103,3,1,0
BRDA:104,4,0,0
BRDA:104,4,1,0
BRDA:104,5,0,0
BRDA:104,5,1,0
BRDA:114,6,0,0
BRDA:114,6,1,0
BRDA:117,7,0,0
BRDA:117,7,1,0
BRDA:118,8,0,0
BRDA:118,8,1,0
BRDA:132,9,0,0
BRDA:132,9,1,0
BRDA:153,10,0,0
BRDA:153,10,1,0
BRDA:161,11,0,0
BRDA:161,11,1,0
BRDA:162,12,0,0
BRDA:162,12,1,0
BRDA:163,13,0,0
BRDA:163,13,1,0
BRDA:164,14,0,0
BRDA:164,14,1,0
BRDA:165,15,0,0
BRDA:165,15,1,0
BRDA:166,16,0,0
BRDA:166,16,1,0
BRDA:167,17,0,0
BRDA:167,17,1,0
BRDA:170,18,0,0
BRDA:170,18,1,0
BRDA:170,19,0,0
BRDA:170,19,1,0
BRDA:172,20,0,0
BRDA:172,20,1,0
BRDA:172,21,0,0
BRDA:172,21,1,0
BRDA:176,22,0,0
BRDA:176,22,1,0
BRDA:177,23,0,0
BRDA:177,23,1,0
BRDA:180,24,0,0
BRDA:180,24,1,0
BRDA:180,25,0,0
BRDA:180,25,1,0
BRDA:180,25,2,0
BRDA:205,26,0,0
BRDA:205,26,1,0
BRF:55
BRH:0
end_of_record
TN:
SF:routes\seller.js
FN:6,(anonymous_0)
FN:86,(anonymous_1)
FN:142,(anonymous_2)
FN:176,(anonymous_3)
FN:177,(anonymous_4)
FN:191,(anonymous_5)
FN:208,(anonymous_6)
FN:225,(anonymous_7)
FN:248,(anonymous_8)
FN:282,(anonymous_9)
FNF:10
FNH:0
FNDA:0,(anonymous_0)
FNDA:0,(anonymous_1)
FNDA:0,(anonymous_2)
FNDA:0,(anonymous_3)
FNDA:0,(anonymous_4)
FNDA:0,(anonymous_5)
FNDA:0,(anonymous_6)
FNDA:0,(anonymous_7)
FNDA:0,(anonymous_8)
FNDA:0,(anonymous_9)
DA:1,1
DA:2,1
DA:3,1
DA:6,1
DA:7,0
DA:26,0
DA:29,0
DA:30,0
DA:31,0
DA:38,0
DA:41,0
DA:62,0
DA:64,0
DA:77,0
DA:78,0
DA:86,1
DA:87,0
DA:88,0
DA:91,0
DA:92,0
DA:93,0
DA:100,0
DA:101,0
DA:108,0
DA:109,0
DA:110,0
DA:117,0
DA:118,0
DA:120,0
DA:133,0
DA:134,0
DA:142,1
DA:143,0
DA:144,0
DA:145,0
DA:146,0
DA:147,0
DA:161,0
DA:167,0
DA:168,0
DA:176,1
DA:177,0
DA:178,0
DA:179,0
DA:180,0
DA:182,0
DA:183,0
DA:191,1
DA:192,0
DA:193,0
DA:194,0
DA:199,0
DA:200,0
DA:208,1
DA:209,0
DA:210,0
DA:211,0
DA:216,0
DA:217,0
DA:225,1
DA:226,0
DA:227,0
DA:228,0
DA:229,0
DA:234,0
DA:239,0
DA:240,0
DA:248,1
DA:249,0
DA:250,0
DA:251,0
DA:252,0
DA:258,0
DA:259,0
DA:261,0
DA:273,0
DA:274,0
DA:282,1
DA:283,0
DA:284,0
DA:285,0
DA:286,0
DA:292,0
DA:293,0
DA:295,0
DA:307,0
DA:308,0
DA:315,1
LF:88
LH:13
BRDA:30,0,0,0
BRDA:30,0,1,0
BRDA:48,1,0,0
BRDA:48,1,1,0
BRDA:52,2,0,0
BRDA:52,2,1,0
BRDA:80,3,0,0
BRDA:80,3,1,0
BRDA:92,4,0,0
BRDA:92,4,1,0
BRDA:100,5,0,0
BRDA:100,5,1,0
BRDA:109,6,0,0
BRDA:109,6,1,0
BRDA:144,7,0,0
BRDA:144,7,1,0
BRDA:144,8,0,0
BRDA:144,8,1,0
BRDA:146,9,0,0
BRDA:146,9,1,0
BRDA:178,10,0,0
BRDA:178,10,1,0
BRDA:228,11,0,0
BRDA:228,11,1,0
BRDA:251,12,0,0
BRDA:251,12,1,0
BRDA:285,13,0,0
BRDA:285,13,1,0
BRF:28
BRH:0
end_of_record
